<?xml version="1.0" encoding="UTF-8"?>
<testsuite name="wknt.WekanTests.RegistrationTests" tests="2" skipped="0" failures="0" errors="0" timestamp="2019-11-28T19:18:46" hostname="DESKTOP-PUOTCN8" time="14.431">
  <properties/>
  <testcase name="registerExistingUserTest" classname="wknt.WekanTests.RegistrationTests" time="1.324"/>
  <testcase name="registerNewUserTest" classname="wknt.WekanTests.RegistrationTests" time="1.806"/>
  <system-out><![CDATA[]]></system-out>
  <system-err><![CDATA[Starting ChromeDriver 78.0.3904.105 (60e2d8774a8151efa6a00b1f358371b1e0e07ee2-refs/branch-heads/3904@{#877}) on port 28875
Only local connections are allowed.
Please protect ports used by ChromeDriver and related test frameworks to prevent access by malicious code.
[1574968719.113][WARNING]: Timed out connecting to Chrome, retrying...
Nov 28, 2019 8:18:41 PM org.openqa.selenium.remote.ProtocolHandshake createSession
INFO: Detected dialect: W3C
[1574968723.147][WARNING]: Timed out connecting to Chrome, retrying...
Starting ChromeDriver 78.0.3904.105 (60e2d8774a8151efa6a00b1f358371b1e0e07ee2-refs/branch-heads/3904@{#877}) on port 23355
Only local connections are allowed.
Please protect ports used by ChromeDriver and related test frameworks to prevent access by malicious code.
[1574968731.671][WARNING]: Timed out connecting to Chrome, retrying...
Nov 28, 2019 8:18:53 PM org.openqa.selenium.remote.ProtocolHandshake createSession
INFO: Detected dialect: W3C
[1574968735.698][WARNING]: Timed out connecting to Chrome, retrying...
]]></system-err>
</testsuite>
