<?xml version="1.0" encoding="UTF-8"?>
<testsuite name="wknt.WekanTests.LoginTests" tests="2" skipped="0" failures="0" errors="0" timestamp="2019-11-29T09:41:50" hostname="DESKTOP-PUOTCN8" time="13.493">
  <properties/>
  <testcase name="loginWithExistingUserTest" classname="wknt.WekanTests.LoginTests" time="1.077"/>
  <testcase name="loginWithNonExistingUserTest" classname="wknt.WekanTests.LoginTests" time="1.021"/>
  <system-out><![CDATA[]]></system-out>
  <system-err><![CDATA[SLF4J: Failed to load class "org.slf4j.impl.StaticLoggerBinder".
SLF4J: Defaulting to no-operation (NOP) logger implementation
SLF4J: See http://www.slf4j.org/codes.html#StaticLoggerBinder for further details.
Starting ChromeDriver 78.0.3904.105 (60e2d8774a8151efa6a00b1f358371b1e0e07ee2-refs/branch-heads/3904@{#877}) on port 23140
Only local connections are allowed.
Please protect ports used by ChromeDriver and related test frameworks to prevent access by malicious code.
[1575020503.284][WARNING]: Timed out connecting to Chrome, retrying...
Nov 29, 2019 10:41:45 AM org.openqa.selenium.remote.ProtocolHandshake createSession
INFO: Detected dialect: W3C
[1575020507.377][WARNING]: Timed out connecting to Chrome, retrying...
Starting ChromeDriver 78.0.3904.105 (60e2d8774a8151efa6a00b1f358371b1e0e07ee2-refs/branch-heads/3904@{#877}) on port 7243
Only local connections are allowed.
Please protect ports used by ChromeDriver and related test frameworks to prevent access by malicious code.
[1575020515.807][WARNING]: Timed out connecting to Chrome, retrying...
Nov 29, 2019 10:41:57 AM org.openqa.selenium.remote.ProtocolHandshake createSession
INFO: Detected dialect: W3C
[1575020519.843][WARNING]: Timed out connecting to Chrome, retrying...
]]></system-err>
</testsuite>
