<?xml version="1.0" encoding="UTF-8"?>
<testsuite name="wknt.WekanTests.LoginTests" tests="2" skipped="0" failures="0" errors="0" timestamp="2019-11-29T10:08:16" hostname="DESKTOP-PUOTCN8" time="13.637">
  <properties/>
  <testcase name="loginWithExistingUserTest" classname="wknt.WekanTests.LoginTests" time="1.104"/>
  <testcase name="loginWithNonExistingUserTest" classname="wknt.WekanTests.LoginTests" time="1.028"/>
  <system-out><![CDATA[]]></system-out>
  <system-err><![CDATA[SLF4J: Failed to load class "org.slf4j.impl.StaticLoggerBinder".
SLF4J: Defaulting to no-operation (NOP) logger implementation
SLF4J: See http://www.slf4j.org/codes.html#StaticLoggerBinder for further details.
Starting ChromeDriver 78.0.3904.105 (60e2d8774a8151efa6a00b1f358371b1e0e07ee2-refs/branch-heads/3904@{#877}) on port 37267
Only local connections are allowed.
Please protect ports used by ChromeDriver and related test frameworks to prevent access by malicious code.
[1575022089.236][WARNING]: Timed out connecting to Chrome, retrying...
Nov 29, 2019 11:08:11 AM org.openqa.selenium.remote.ProtocolHandshake createSession
INFO: Detected dialect: W3C
[1575022093.313][WARNING]: Timed out connecting to Chrome, retrying...
Starting ChromeDriver 78.0.3904.105 (60e2d8774a8151efa6a00b1f358371b1e0e07ee2-refs/branch-heads/3904@{#877}) on port 36345
Only local connections are allowed.
Please protect ports used by ChromeDriver and related test frameworks to prevent access by malicious code.
[1575022101.674][WARNING]: Timed out connecting to Chrome, retrying...
Nov 29, 2019 11:08:23 AM org.openqa.selenium.remote.ProtocolHandshake createSession
INFO: Detected dialect: W3C
[1575022105.705][WARNING]: Timed out connecting to Chrome, retrying...
]]></system-err>
</testsuite>
